2022-02-03 19:36:57.001  INFO 23004 --- [restartedMain] com.example.admin.AdminApplication       : No active profile set, falling back to default profiles: default
2022-02-03 19:36:57.527  INFO 23004 --- [restartedMain] .s.d.r.c.RepositoryConfigurationDelegate : Bootstrapping Spring Data JPA repositories in DEFAULT mode.
2022-02-03 19:36:57.730  INFO 23004 --- [restartedMain] .s.d.r.c.RepositoryConfigurationDelegate : Finished Spring Data repository scanning in 15 ms. Found 1 JPA repository interfaces.
2022-02-03 19:36:57.826  INFO 23004 --- [restartedMain] o.s.cloud.context.scope.GenericScope     : BeanFactory id=e40e273d-3de1-344a-aab8-4d69d06b7e12
2022-02-03 19:36:58.152  INFO 23004 --- [restartedMain] o.s.b.w.embedded.tomcat.TomcatWebServer  : Tomcat initialized with port(s): 0 (http)
2022-02-03 19:36:58.153  INFO 23004 --- [restartedMain] o.apache.catalina.core.StandardService   : Starting service [Tomcat]
2022-02-03 19:36:58.154  INFO 23004 --- [restartedMain] org.apache.catalina.core.StandardEngine  : Starting Servlet engine: [Apache Tomcat/9.0.56]
2022-02-03 19:36:58.154  WARN 23004 --- [restartedMain] o.a.catalina.core.AprLifecycleListener   : This listener must only be nested within Server elements, but is in [TomcatEmbeddedContext].
2022-02-03 19:36:58.154  INFO 23004 --- [restartedMain] o.a.catalina.core.AprLifecycleListener   : An older version [1.2.26] of the Apache Tomcat Native library is installed, while Tomcat recommends a minimum version of [1.2.30]
2022-02-03 19:36:58.155  INFO 23004 --- [restartedMain] o.a.catalina.core.AprLifecycleListener   : Loaded Apache Tomcat Native library [1.2.26] using APR version [1.7.0].
2022-02-03 19:36:58.155  INFO 23004 --- [restartedMain] o.a.catalina.core.AprLifecycleListener   : APR capabilities: IPv6 [true], sendfile [true], accept filters [false], random [true], UDS [true].
2022-02-03 19:36:58.155  INFO 23004 --- [restartedMain] o.a.catalina.core.AprLifecycleListener   : APR/OpenSSL configuration: useAprConnector [false], useOpenSSL [true]
2022-02-03 19:36:58.156  INFO 23004 --- [restartedMain] o.a.catalina.core.AprLifecycleListener   : OpenSSL successfully initialized [OpenSSL 1.1.1i  8 Dec 2020]
2022-02-03 19:36:58.182  INFO 23004 --- [restartedMain] o.a.c.c.C.[Tomcat].[localhost].[/]       : Initializing Spring embedded WebApplicationContext
2022-02-03 19:36:58.182  INFO 23004 --- [restartedMain] w.s.c.ServletWebServerApplicationContext : Root WebApplicationContext: initialization completed in 1177 ms
2022-02-03 19:36:58.239  WARN 23004 --- [restartedMain] o.a.c.c.C.[Tomcat].[localhost].[/]       : Cannot deserialize session attribute [SPRING_SECURITY_CONTEXT] for session [9B1C97AF0B1AF08F53BE873560CA8564]
2022-02-03 19:36:58.293  INFO 23004 --- [restartedMain] o.hibernate.jpa.internal.util.LogHelper  : HHH000204: Processing PersistenceUnitInfo [name: default]
2022-02-03 19:36:58.310  INFO 23004 --- [restartedMain] com.zaxxer.hikari.HikariDataSource       : HikariPool-2 - Starting...
2022-02-03 19:36:58.328  INFO 23004 --- [restartedMain] com.zaxxer.hikari.HikariDataSource       : HikariPool-2 - Start completed.
2022-02-03 19:36:58.329  INFO 23004 --- [restartedMain] org.hibernate.dialect.Dialect            : HHH000400: Using dialect: org.hibernate.dialect.MySQL5InnoDBDialect
2022-02-03 19:36:58.381  INFO 23004 --- [restartedMain] o.h.e.t.j.p.i.JtaPlatformInitiator       : HHH000490: Using JtaPlatform implementation: [org.hibernate.engine.transaction.jta.platform.internal.NoJtaPlatform]
2022-02-03 19:36:58.382  INFO 23004 --- [restartedMain] j.LocalContainerEntityManagerFactoryBean : Initialized JPA EntityManagerFactory for persistence unit 'default'
2022-02-03 19:36:58.676  WARN 23004 --- [restartedMain] JpaBaseConfiguration$JpaWebConfiguration : spring.jpa.open-in-view is enabled by default. Therefore, database queries may be performed during view rendering. Explicitly configure spring.jpa.open-in-view to disable this warning
2022-02-03 19:36:58.718  WARN 23004 --- [restartedMain] o.s.b.d.a.OptionalLiveReloadServer       : Unable to start LiveReload server
2022-02-03 19:36:58.745  INFO 23004 --- [restartedMain] o.s.c.openfeign.FeignClientFactoryBean   : For 'agent-service' URL not provided. Will try picking an instance via load-balancing.
2022-02-03 19:36:58.820  INFO 23004 --- [restartedMain] o.s.c.openfeign.FeignClientFactoryBean   : For 'transfert-service' URL not provided. Will try picking an instance via load-balancing.
2022-02-03 19:36:58.876  INFO 23004 --- [restartedMain] o.s.c.openfeign.FeignClientFactoryBean   : For 'client-service' URL not provided. Will try picking an instance via load-balancing.
2022-02-03 19:36:58.913  INFO 23004 --- [restartedMain] o.s.c.openfeign.FeignClientFactoryBean   : For 'beneficiaire-service' URL not provided. Will try picking an instance via load-balancing.
2022-02-03 19:36:58.997  INFO 23004 --- [restartedMain] o.s.s.web.DefaultSecurityFilterChain     : Will secure any request with [org.springframework.security.web.context.request.async.WebAsyncManagerIntegrationFilter@4ed82046, org.springframework.security.web.context.SecurityContextPersistenceFilter@16e2539d, org.springframework.security.web.header.HeaderWriterFilter@70751ead, org.springframework.web.filter.CorsFilter@60140dec, org.springframework.security.web.authentication.logout.LogoutFilter@3e0c7ef8, org.springframework.security.web.authentication.UsernamePasswordAuthenticationFilter@73e92060, org.springframework.security.web.authentication.ui.DefaultLoginPageGeneratingFilter@685ef10d, org.springframework.security.web.authentication.ui.DefaultLogoutPageGeneratingFilter@10ddea10, org.springframework.security.web.authentication.www.BasicAuthenticationFilter@33987a17, org.springframework.security.web.savedrequest.RequestCacheAwareFilter@3c7dd0ec, org.springframework.security.web.servletapi.SecurityContextHolderAwareRequestFilter@64a521b8, org.springframework.security.web.authentication.AnonymousAuthenticationFilter@606562de, org.springframework.security.web.session.SessionManagementFilter@772f7b0a, org.springframework.security.web.access.ExceptionTranslationFilter@2551fc99, org.springframework.security.web.access.intercept.FilterSecurityInterceptor@3128223c]
2022-02-03 19:37:00.624  INFO 23004 --- [restartedMain] o.s.cloud.commons.util.InetUtils         : Cannot determine local hostname
2022-02-03 19:37:02.096  INFO 23004 --- [restartedMain] o.s.cloud.commons.util.InetUtils         : Cannot determine local hostname
2022-02-03 19:37:02.101  INFO 23004 --- [restartedMain] DiscoveryClientOptionalArgsConfiguration : Eureka HTTP Client uses RestTemplate.
2022-02-03 19:37:02.115  WARN 23004 --- [restartedMain] iguration$LoadBalancerCaffeineWarnLogger : Spring Cloud LoadBalancer is currently working with the default cache. You can switch to using Caffeine cache, by adding it and org.springframework.cache.caffeine.CaffeineCacheManager to the classpath.
2022-02-03 19:37:02.119  INFO 23004 --- [restartedMain] o.s.b.a.e.web.EndpointLinksResolver      : Exposing 1 endpoint(s) beneath base path '/actuator'
2022-02-03 19:37:02.149  INFO 23004 --- [restartedMain] o.s.b.w.embedded.tomcat.TomcatWebServer  : Tomcat started on port(s): 54283 (http) with context path ''
2022-02-03 19:37:02.150  INFO 23004 --- [restartedMain] .s.c.n.e.s.EurekaAutoServiceRegistration : Updating port to 54283
2022-02-03 19:37:02.151  INFO 23004 --- [restartedMain] o.s.c.n.eureka.InstanceInfoFactory       : Setting initial instance status as: STARTING
2022-02-03 19:37:02.153  INFO 23004 --- [restartedMain] com.netflix.discovery.DiscoveryClient    : Initializing Eureka in region us-east-1
2022-02-03 19:37:02.153  INFO 23004 --- [restartedMain] c.n.d.s.r.aws.ConfigClusterResolver      : Resolving eureka endpoints via configuration
2022-02-03 19:37:02.159  INFO 23004 --- [restartedMain] com.netflix.discovery.DiscoveryClient    : Disable delta property : false
2022-02-03 19:37:02.159  INFO 23004 --- [restartedMain] com.netflix.discovery.DiscoveryClient    : Single vip registry refresh property : null
2022-02-03 19:37:02.159  INFO 23004 --- [restartedMain] com.netflix.discovery.DiscoveryClient    : Force full registry fetch : false
2022-02-03 19:37:02.159  INFO 23004 --- [restartedMain] com.netflix.discovery.DiscoveryClient    : Application is null : false
2022-02-03 19:37:02.159  INFO 23004 --- [restartedMain] com.netflix.discovery.DiscoveryClient    : Registered Applications size is zero : true
2022-02-03 19:37:02.159  INFO 23004 --- [restartedMain] com.netflix.discovery.DiscoveryClient    : Application version is -1: true
2022-02-03 19:37:02.159  INFO 23004 --- [restartedMain] com.netflix.discovery.DiscoveryClient    : Getting all instance registry info from the eureka server
2022-02-03 19:37:02.180  INFO 23004 --- [restartedMain] com.netflix.discovery.DiscoveryClient    : The response status is 200
2022-02-03 19:37:02.180  INFO 23004 --- [restartedMain] com.netflix.discovery.DiscoveryClient    : Starting heartbeat executor: renew interval is: 30
2022-02-03 19:37:02.181  INFO 23004 --- [restartedMain] c.n.discovery.InstanceInfoReplicator     : InstanceInfoReplicator onDemand update allowed rate per min is 4
2022-02-03 19:37:02.182  INFO 23004 --- [restartedMain] com.netflix.discovery.DiscoveryClient    : Discovery Client initialized at timestamp 1643913422182 with initial instances count: 5
2022-02-03 19:37:02.183  INFO 23004 --- [restartedMain] o.s.c.n.e.s.EurekaServiceRegistry        : Registering application ADMIN-SERVICE with eureka with status UP
2022-02-03 19:37:02.183  INFO 23004 --- [restartedMain] com.netflix.discovery.DiscoveryClient    : Saw local status change event StatusChangeEvent [timestamp=1643913422183, current=UP, previous=STARTING]
2022-02-03 19:37:02.184  INFO 23004 --- [DiscoveryClient-InstanceInfoReplicator-0] com.netflix.discovery.DiscoveryClient    : DiscoveryClient_ADMIN-SERVICE/admin-service:cb30bf8a-206a-4b95-89f5-3d2d7d1e9100: registering service...
2022-02-03 19:37:02.197  INFO 23004 --- [DiscoveryClient-InstanceInfoReplicator-0] com.netflix.discovery.DiscoveryClient    : DiscoveryClient_ADMIN-SERVICE/admin-service:cb30bf8a-206a-4b95-89f5-3d2d7d1e9100 - registration status: 204
2022-02-03 19:37:03.563  INFO 23004 --- [restartedMain] o.s.cloud.commons.util.InetUtils         : Cannot determine local hostname
2022-02-03 19:37:03.575  INFO 23004 --- [restartedMain] com.example.admin.AdminApplication       : Started AdminApplication in 9.438 seconds (JVM running for 990.351)
2022-02-03 19:37:03.581  INFO 23004 --- [restartedMain] .ConditionEvaluationDeltaLoggingListener : Condition evaluation delta:


==========================
CONDITION EVALUATION DELTA
==========================


Positive matches:
-----------------

   LogFileWebEndpointAutoConfiguration#logFileWebEndpoint matched:
      - Log File found logging.file.name logging/mylog.log (LogFileWebEndpointAutoConfiguration.LogFileCondition)
      - @ConditionalOnMissingBean (types: org.springframework.boot.actuate.logging.LogFileWebEndpoint; SearchStrategy: all) did not find any beans (OnBeanCondition)


Negative matches:
-----------------

    None


Exclusions:
-----------

    None


Unconditional classes:
----------------------

    None



2022-02-03 19:37:23.296  INFO 23004 --- [Thread-9] o.s.c.n.e.s.EurekaServiceRegistry        : Unregistering application ADMIN-SERVICE with eureka with status DOWN
2022-02-03 19:37:23.297  INFO 23004 --- [Thread-9] com.netflix.discovery.DiscoveryClient    : Saw local status change event StatusChangeEvent [timestamp=1643913443297, current=DOWN, previous=UP]
2022-02-03 19:37:23.297  INFO 23004 --- [DiscoveryClient-InstanceInfoReplicator-0] com.netflix.discovery.DiscoveryClient    : DiscoveryClient_ADMIN-SERVICE/admin-service:cb30bf8a-206a-4b95-89f5-3d2d7d1e9100: registering service...
2022-02-03 19:37:23.307  INFO 23004 --- [DiscoveryClient-InstanceInfoReplicator-0] com.netflix.discovery.DiscoveryClient    : DiscoveryClient_ADMIN-SERVICE/admin-service:cb30bf8a-206a-4b95-89f5-3d2d7d1e9100 - registration status: 204
2022-02-03 19:37:23.589  INFO 23004 --- [Thread-9] j.LocalContainerEntityManagerFactoryBean : Closing JPA EntityManagerFactory for persistence unit 'default'
2022-02-03 19:37:23.589  INFO 23004 --- [Thread-9] com.zaxxer.hikari.HikariDataSource       : HikariPool-2 - Shutdown initiated...
2022-02-03 19:37:23.597  INFO 23004 --- [Thread-9] com.zaxxer.hikari.HikariDataSource       : HikariPool-2 - Shutdown completed.
2022-02-03 19:37:23.599  INFO 23004 --- [Thread-9] com.netflix.discovery.DiscoveryClient    : Shutting down DiscoveryClient ...
2022-02-03 19:37:26.601  INFO 23004 --- [Thread-9] com.netflix.discovery.DiscoveryClient    : Unregistering ...
2022-02-03 19:37:26.604  INFO 23004 --- [Thread-9] com.netflix.discovery.DiscoveryClient    : DiscoveryClient_ADMIN-SERVICE/admin-service:cb30bf8a-206a-4b95-89f5-3d2d7d1e9100 - deregister  status: 200
2022-02-03 19:37:26.606  INFO 23004 --- [Thread-9] com.netflix.discovery.DiscoveryClient    : Completed shut down of DiscoveryClient
